# JRE version: OpenJDK Runtime Environment Corretto-25.0.3.9.1 (25.0.3+9) (build 25.0.3+9-LTS)
# Java VM: OpenJDK 64-Bit Server VM Corretto-25.0.3.9.1 (25.0.3+9-LTS, mixed mode, sharing, tiered, compressed oops, compressed class ptrs, g1 gc, windows-amd64)
GC Precious Log:
 CardTable entry size: 512
 Card Set container configuration: InlinePtr #cards 4 size 8 Array Of Cards #cards 16 size 48 Howl #buckets 8 coarsen threshold 3686 Howl Bitmap #cards 512 size 80 coarsen threshold 460 Card regions per heap region 1 cards per card region 4096
 CPUs: 12 total, 12 available
 Memory: 16065M
 Large Page Support: Disabled
 NUMA Support: Disabled
 Compressed Oops: Enabled (Zero based)
 Heap Region Size: 2M
 Heap Min Capacity: 8M
 Heap Initial Capacity: 252M
 Heap Max Capacity: 4018M
 Pre-touch: Disabled
 Parallel Workers: 10
 Concurrent Workers: 3
 Concurrent Refinement Workers: 10
 Periodic GC: Disabled
Heap:
 garbage-first heap   total reserved 4114432K, committed 116736K, used 102432K [0x0000000704e00000, 0x0000000800000000)
  region size 2048K, 20 young (40960K), 3 survivors (6144K)
GC Heap Usage History (20 events):
Event: 16.519 {heap Before GC invocations=13 (full 0):
 garbage-first heap   total reserved 4114432K, committed 90112K, used 78173K [0x0000000704e00000, 0x0000000800000000)
  region size 2048K, 21 young (43008K), 2 survivors (4096K)
}
Event: 16.528 {heap After GC invocations=14 (full 0):
 garbage-first heap   total reserved 4114432K, committed 90112K, used 45802K [0x0000000704e00000, 0x0000000800000000)
  region size 2048K, 3 young (6144K), 3 survivors (6144K)
}
Event: 17.066 {heap Before GC invocations=14 (full 0):
 garbage-first heap   total reserved 4114432K, committed 90112K, used 74474K [0x0000000704e00000, 0x0000000800000000)
  region size 2048K, 18 young (36864K), 3 survivors (6144K)
}
Event: 17.083 {heap After GC invocations=15 (full 0):
 garbage-first heap   total reserved 4114432K, committed 92160K, used 50417K [0x0000000704e00000, 0x0000000800000000)
  region size 2048K, 3 young (6144K), 3 survivors (6144K)
}
Event: 17.579 {heap Before GC invocations=15 (full 0):
 garbage-first heap   total reserved 4114432K, committed 92160K, used 79089K [0x0000000704e00000, 0x0000000800000000)
  region size 2048K, 17 young (34816K), 3 survivors (6144K)
}
Event: 17.591 {heap After GC invocations=16 (full 0):
 garbage-first heap   total reserved 4114432K, committed 92160K, used 56095K [0x0000000704e00000, 0x0000000800000000)
  region size 2048K, 3 young (6144K), 3 survivors (6144K)
}
Event: 18.161 {heap Before GC invocations=17 (full 0):
 garbage-first heap   total reserved 4114432K, committed 96256K, used 80671K [0x0000000704e00000, 0x0000000800000000)
  region size 2048K, 15 young (30720K), 3 survivors (6144K)
}
Event: 18.169 {heap After GC invocations=18 (full 0):
 garbage-first heap   total reserved 4114432K, committed 96256K, used 58298K [0x0000000704e00000, 0x0000000800000000)
  region size 2048K, 1 young (2048K), 1 survivors (2048K)
}
Event: 18.855 {heap Before GC invocations=18 (full 0):
 garbage-first heap   total reserved 4114432K, committed 96256K, used 84922K [0x0000000704e00000, 0x0000000800000000)
  region size 2048K, 14 young (28672K), 1 survivors (2048K)
}
Event: 18.864 {heap After GC invocations=19 (full 0):
 garbage-first heap   total reserved 4114432K, committed 96256K, used 58733K [0x0000000704e00000, 0x0000000800000000)
  region size 2048K, 2 young (4096K), 2 survivors (4096K)
}
Event: 19.438 {heap Before GC invocations=19 (full 0):
 garbage-first heap   total reserved 4114432K, committed 96256K, used 85357K [0x0000000704e00000, 0x0000000800000000)
  region size 2048K, 15 young (30720K), 2 survivors (4096K)
}
Event: 19.447 {heap After GC invocations=20 (full 0):
 garbage-first heap   total reserved 4114432K, committed 116736K, used 60976K [0x0000000704e00000, 0x0000000800000000)
  region size 2048K, 2 young (4096K), 2 survivors (4096K)
}
Event: 20.408 {heap Before GC invocations=21 (full 0):
 garbage-first heap   total reserved 4114432K, committed 116736K, used 99888K [0x0000000704e00000, 0x0000000800000000)
  region size 2048K, 22 young (45056K), 2 survivors (4096K)
}
Event: 20.417 {heap After GC invocations=22 (full 0):
 garbage-first heap   total reserved 4114432K, committed 116736K, used 63856K [0x0000000704e00000, 0x0000000800000000)
  region size 2048K, 3 young (6144K), 3 survivors (6144K)
}
Event: 21.321 {heap Before GC invocations=22 (full 0):
 garbage-first heap   total reserved 4114432K, committed 116736K, used 102768K [0x0000000704e00000, 0x0000000800000000)
  region size 2048K, 22 young (45056K), 3 survivors (6144K)
}
Event: 21.330 {heap After GC invocations=23 (full 0):
 garbage-first heap   total reserved 4114432K, committed 116736K, used 65705K [0x0000000704e00000, 0x0000000800000000)
  region size 2048K, 2 young (4096K), 2 survivors (4096K)
}
Event: 22.287 {heap Before GC invocations=23 (full 0):
 garbage-first heap   total reserved 4114432K, committed 116736K, used 104617K [0x0000000704e00000, 0x0000000800000000)
  region size 2048K, 21 young (43008K), 2 survivors (4096K)
}
Event: 22.297 {heap After GC invocations=24 (full 0):
 garbage-first heap   total reserved 4114432K, committed 116736K, used 67919K [0x0000000704e00000, 0x0000000800000000)
  region size 2048K, 3 young (6144K), 3 survivors (6144K)
}
Event: 23.225 {heap Before GC invocations=25 (full 0):
 garbage-first heap   total reserved 4114432K, committed 116736K, used 104783K [0x0000000704e00000, 0x0000000800000000)
  region size 2048K, 22 young (45056K), 3 survivors (6144K)
}
Event: 23.237 {heap After GC invocations=26 (full 0):
 garbage-first heap   total reserved 4114432K, committed 116736K, used 69664K [0x0000000704e00000, 0x0000000800000000)
  region size 2048K, 3 young (6144K), 3 survivors (6144K)
}

